[0.014s] Invoking command in '/home/ares/steamdeck_ws/build/joystick': CMAKE_PREFIX_PATH=/opt/ros/humble /usr/bin/cmake /home/ares/steamdeck_ws/src/joystick -DAMENT_CMAKE_SYMLINK_INSTALL=1 -DCMAKE_INSTALL_PREFIX=/home/ares/steamdeck_ws/install/joystick
[0.030s] -- Found ament_cmake: 1.3.11 (/opt/ros/humble/share/ament_cmake/cmake)
[0.162s] -- Override CMake install command with custom implementation using symlinks instead of copying resources
[0.172s] -- Found rclpy: 3.3.15 (/opt/ros/humble/share/rclpy/cmake)
[0.174s] -- Found sensor_msgs: 4.2.4 (/opt/ros/humble/share/sensor_msgs/cmake)
[0.215s] -- Found rosidl_generator_c: 3.1.6 (/opt/ros/humble/share/rosidl_generator_c/cmake)
[0.221s] -- Found rosidl_adapter: 3.1.6 (/opt/ros/humble/share/rosidl_adapter/cmake)
[0.232s] -- Found rosidl_generator_cpp: 3.1.6 (/opt/ros/humble/share/rosidl_generator_cpp/cmake)
[0.246s] -- Using all available rosidl_typesupport_c: rosidl_typesupport_fastrtps_c;rosidl_typesupport_introspection_c
[0.265s] -- Using all available rosidl_typesupport_cpp: rosidl_typesupport_fastrtps_cpp;rosidl_typesupport_introspection_cpp
[0.330s] -- Found ament_lint_auto: 0.12.11 (/opt/ros/humble/share/ament_lint_auto/cmake)
[0.412s] -- Added test 'flake8' to check Python code syntax and style conventions
[0.412s] -- Added test 'lint_cmake' to check CMake code style
[0.413s] -- Added test 'pep257' to check Python code against some of the docstring style conventions in PEP 257
[0.414s] -- Added test 'xmllint' to check XML markup files
[0.416s] -- Configuring done
[0.421s] -- Generating done
[0.423s] -- Build files have been written to: /home/ares/steamdeck_ws/build/joystick
[0.430s] Invoked command in '/home/ares/steamdeck_ws/build/joystick' returned '0': CMAKE_PREFIX_PATH=/opt/ros/humble /usr/bin/cmake /home/ares/steamdeck_ws/src/joystick -DAMENT_CMAKE_SYMLINK_INSTALL=1 -DCMAKE_INSTALL_PREFIX=/home/ares/steamdeck_ws/install/joystick
[0.433s] Invoking command in '/home/ares/steamdeck_ws/build/joystick': CMAKE_PREFIX_PATH=/opt/ros/humble /usr/bin/cmake --build /home/ares/steamdeck_ws/build/joystick -- -j8 -l8
[0.485s] Invoked command in '/home/ares/steamdeck_ws/build/joystick' returned '0': CMAKE_PREFIX_PATH=/opt/ros/humble /usr/bin/cmake --build /home/ares/steamdeck_ws/build/joystick -- -j8 -l8
[0.499s] Invoking command in '/home/ares/steamdeck_ws/build/joystick': CMAKE_PREFIX_PATH=/opt/ros/humble /usr/bin/cmake --install /home/ares/steamdeck_ws/build/joystick
[0.508s] -- Install configuration: ""
[0.509s] -- Execute custom install script
[0.509s] -- Symlinking: /home/ares/steamdeck_ws/install/joystick/lib/joystick/get_joystick_value.py
[0.522s] -- Symlinking: /home/ares/steamdeck_ws/install/joystick/share/ament_index/resource_index/package_run_dependencies/joystick
[0.537s] -- Symlinking: /home/ares/steamdeck_ws/install/joystick/share/ament_index/resource_index/parent_prefix_path/joystick
[0.550s] -- Symlinking: /home/ares/steamdeck_ws/install/joystick/share/joystick/environment/ament_prefix_path.sh
[0.562s] -- Symlinking: /home/ares/steamdeck_ws/install/joystick/share/joystick/environment/ament_prefix_path.dsv
[0.574s] -- Symlinking: /home/ares/steamdeck_ws/install/joystick/share/joystick/environment/path.sh
[0.587s] -- Symlinking: /home/ares/steamdeck_ws/install/joystick/share/joystick/environment/path.dsv
[0.599s] -- Symlinking: /home/ares/steamdeck_ws/install/joystick/share/joystick/local_setup.bash
[0.611s] -- Symlinking: /home/ares/steamdeck_ws/install/joystick/share/joystick/local_setup.sh
[0.623s] -- Symlinking: /home/ares/steamdeck_ws/install/joystick/share/joystick/local_setup.zsh
[0.634s] -- Symlinking: /home/ares/steamdeck_ws/install/joystick/share/joystick/local_setup.dsv
[0.646s] -- Symlinking: /home/ares/steamdeck_ws/install/joystick/share/joystick/package.dsv
[0.658s] -- Symlinking: /home/ares/steamdeck_ws/install/joystick/share/ament_index/resource_index/packages/joystick
[0.670s] -- Symlinking: /home/ares/steamdeck_ws/install/joystick/share/joystick/cmake/joystickConfig.cmake
[0.681s] -- Symlinking: /home/ares/steamdeck_ws/install/joystick/share/joystick/cmake/joystickConfig-version.cmake
[0.694s] -- Symlinking: /home/ares/steamdeck_ws/install/joystick/share/joystick/package.xml
[0.708s] Invoked command in '/home/ares/steamdeck_ws/build/joystick' returned '0': CMAKE_PREFIX_PATH=/opt/ros/humble /usr/bin/cmake --install /home/ares/steamdeck_ws/build/joystick
