[0.012s] Invoking command in '/home/ares/steamdeck_ws/build/joystick': CMAKE_PREFIX_PATH=${CMAKE_PREFIX_PATH}:/opt/ros/humble /usr/bin/cmake --build /home/ares/steamdeck_ws/build/joystick -- -j8 -l8
[0.038s] -- Found ament_cmake: 1.3.11 (/opt/ros/humble/share/ament_cmake/cmake)
[0.168s] -- Found ament_lint_auto: 0.12.11 (/opt/ros/humble/share/ament_lint_auto/cmake)
[0.239s] -- Added test 'flake8' to check Python code syntax and style conventions
[0.239s] -- Added test 'lint_cmake' to check CMake code style
[0.239s] -- Added test 'pep257' to check Python code against some of the docstring style conventions in PEP 257
[0.240s] -- Added test 'xmllint' to check XML markup files
[0.241s] -- Configuring done
[0.245s] -- Generating done
[0.247s] -- Build files have been written to: /home/ares/steamdeck_ws/build/joystick
[0.275s] Invoked command in '/home/ares/steamdeck_ws/build/joystick' returned '0': CMAKE_PREFIX_PATH=${CMAKE_PREFIX_PATH}:/opt/ros/humble /usr/bin/cmake --build /home/ares/steamdeck_ws/build/joystick -- -j8 -l8
[0.287s] Invoking command in '/home/ares/steamdeck_ws/build/joystick': CMAKE_PREFIX_PATH=${CMAKE_PREFIX_PATH}:/opt/ros/humble /usr/bin/cmake --install /home/ares/steamdeck_ws/build/joystick
[0.295s] -- Install configuration: ""
[0.295s] -- Installing: /home/ares/steamdeck_ws/install/joystick/lib/joystick/get_joystick_value.py
[0.295s] -- Up-to-date: /home/ares/steamdeck_ws/install/joystick/share/ament_index/resource_index/package_run_dependencies/joystick
[0.295s] -- Up-to-date: /home/ares/steamdeck_ws/install/joystick/share/ament_index/resource_index/parent_prefix_path/joystick
[0.295s] -- Up-to-date: /home/ares/steamdeck_ws/install/joystick/share/joystick/environment/ament_prefix_path.sh
[0.296s] -- Installing: /home/ares/steamdeck_ws/install/joystick/share/joystick/environment/ament_prefix_path.dsv
[0.296s] -- Up-to-date: /home/ares/steamdeck_ws/install/joystick/share/joystick/environment/path.sh
[0.296s] -- Installing: /home/ares/steamdeck_ws/install/joystick/share/joystick/environment/path.dsv
[0.296s] -- Up-to-date: /home/ares/steamdeck_ws/install/joystick/share/joystick/local_setup.bash
[0.296s] -- Up-to-date: /home/ares/steamdeck_ws/install/joystick/share/joystick/local_setup.sh
[0.296s] -- Up-to-date: /home/ares/steamdeck_ws/install/joystick/share/joystick/local_setup.zsh
[0.296s] -- Installing: /home/ares/steamdeck_ws/install/joystick/share/joystick/local_setup.dsv
[0.296s] -- Installing: /home/ares/steamdeck_ws/install/joystick/share/joystick/package.dsv
[0.296s] -- Up-to-date: /home/ares/steamdeck_ws/install/joystick/share/ament_index/resource_index/packages/joystick
[0.296s] -- Up-to-date: /home/ares/steamdeck_ws/install/joystick/share/joystick/cmake/joystickConfig.cmake
[0.296s] -- Up-to-date: /home/ares/steamdeck_ws/install/joystick/share/joystick/cmake/joystickConfig-version.cmake
[0.296s] -- Up-to-date: /home/ares/steamdeck_ws/install/joystick/share/joystick/package.xml
[0.299s] Invoked command in '/home/ares/steamdeck_ws/build/joystick' returned '0': CMAKE_PREFIX_PATH=${CMAKE_PREFIX_PATH}:/opt/ros/humble /usr/bin/cmake --install /home/ares/steamdeck_ws/build/joystick
