[0.011s] Invoking command in '/home/ares/steamdeck_ws/build/joystick': CMAKE_PREFIX_PATH=/opt/ros/humble /usr/bin/cmake /home/ares/steamdeck_ws/src/joystick -DCMAKE_INSTALL_PREFIX=/home/ares/steamdeck_ws/install/joystick
[0.103s] -- The C compiler identification is GNU 11.4.0
[0.168s] -- The CXX compiler identification is GNU 11.4.0
[0.176s] -- Detecting C compiler ABI info
[0.263s] -- Detecting C compiler ABI info - done
[0.271s] -- Check for working C compiler: /usr/bin/cc - skipped
[0.271s] -- Detecting C compile features
[0.271s] -- Detecting C compile features - done
[0.275s] -- Detecting CXX compiler ABI info
[0.371s] -- Detecting CXX compiler ABI info - done
[0.378s] -- Check for working CXX compiler: /usr/bin/c++ - skipped
[0.379s] -- Detecting CXX compile features
[0.379s] -- Detecting CXX compile features - done
[0.382s] -- Found ament_cmake: 1.3.11 (/opt/ros/humble/share/ament_cmake/cmake)
[0.539s] -- Found Python3: /usr/bin/python3 (found version "3.10.12") found components: Interpreter 
[0.638s] -- Found ament_lint_auto: 0.12.11 (/opt/ros/humble/share/ament_lint_auto/cmake)
[0.723s] -- Added test 'flake8' to check Python code syntax and style conventions
[0.723s] -- Added test 'lint_cmake' to check CMake code style
[0.724s] -- Added test 'pep257' to check Python code against some of the docstring style conventions in PEP 257
[0.725s] -- Added test 'xmllint' to check XML markup files
[0.727s] -- Configuring done
[0.730s] -- Generating done
[0.732s] -- Build files have been written to: /home/ares/steamdeck_ws/build/joystick
[0.738s] Invoked command in '/home/ares/steamdeck_ws/build/joystick' returned '0': CMAKE_PREFIX_PATH=/opt/ros/humble /usr/bin/cmake /home/ares/steamdeck_ws/src/joystick -DCMAKE_INSTALL_PREFIX=/home/ares/steamdeck_ws/install/joystick
[0.740s] Invoking command in '/home/ares/steamdeck_ws/build/joystick': CMAKE_PREFIX_PATH=/opt/ros/humble /usr/bin/cmake --build /home/ares/steamdeck_ws/build/joystick -- -j8 -l8
[0.787s] Invoked command in '/home/ares/steamdeck_ws/build/joystick' returned '0': CMAKE_PREFIX_PATH=/opt/ros/humble /usr/bin/cmake --build /home/ares/steamdeck_ws/build/joystick -- -j8 -l8
[0.800s] Invoking command in '/home/ares/steamdeck_ws/build/joystick': CMAKE_PREFIX_PATH=/opt/ros/humble /usr/bin/cmake --install /home/ares/steamdeck_ws/build/joystick
[0.808s] -- Install configuration: ""
[0.808s] -- Installing: /home/ares/steamdeck_ws/install/joystick/share/ament_index/resource_index/package_run_dependencies/joystick
[0.809s] -- Installing: /home/ares/steamdeck_ws/install/joystick/share/ament_index/resource_index/parent_prefix_path/joystick
[0.809s] -- Installing: /home/ares/steamdeck_ws/install/joystick/share/joystick/environment/ament_prefix_path.sh
[0.809s] -- Installing: /home/ares/steamdeck_ws/install/joystick/share/joystick/environment/ament_prefix_path.dsv
[0.809s] -- Installing: /home/ares/steamdeck_ws/install/joystick/share/joystick/environment/path.sh
[0.809s] -- Installing: /home/ares/steamdeck_ws/install/joystick/share/joystick/environment/path.dsv
[0.810s] -- Installing: /home/ares/steamdeck_ws/install/joystick/share/joystick/local_setup.bash
[0.810s] -- Installing: /home/ares/steamdeck_ws/install/joystick/share/joystick/local_setup.sh
[0.810s] -- Installing: /home/ares/steamdeck_ws/install/joystick/share/joystick/local_setup.zsh
[0.810s] -- Installing: /home/ares/steamdeck_ws/install/joystick/share/joystick/local_setup.dsv
[0.810s] -- Installing: /home/ares/steamdeck_ws/install/joystick/share/joystick/package.dsv
[0.810s] -- Installing: /home/ares/steamdeck_ws/install/joystick/share/ament_index/resource_index/packages/joystick
[0.811s] -- Installing: /home/ares/steamdeck_ws/install/joystick/share/joystick/cmake/joystickConfig.cmake
[0.811s] -- Installing: /home/ares/steamdeck_ws/install/joystick/share/joystick/cmake/joystickConfig-version.cmake
[0.811s] -- Installing: /home/ares/steamdeck_ws/install/joystick/share/joystick/package.xml
[0.814s] Invoked command in '/home/ares/steamdeck_ws/build/joystick' returned '0': CMAKE_PREFIX_PATH=/opt/ros/humble /usr/bin/cmake --install /home/ares/steamdeck_ws/build/joystick
