[0.110s] DEBUG:colcon:Command line arguments: ['/usr/bin/colcon', 'build', '--symlink-install']
[0.110s] DEBUG:colcon:Parsed command line arguments: Namespace(log_base=None, log_level=None, verb_name='build', build_base='build', install_base='install', merge_install=False, symlink_install=True, test_result_base=None, continue_on_error=False, executor='parallel', parallel_workers=8, event_handlers=None, ignore_user_meta=False, metas=['./colcon.meta'], base_paths=['.'], packages_ignore=None, packages_ignore_regex=None, paths=None, packages_up_to=None, packages_up_to_regex=None, packages_above=None, packages_above_and_dependencies=None, packages_above_depth=None, packages_select_by_dep=None, packages_skip_by_dep=None, packages_skip_up_to=None, packages_select_build_failed=False, packages_skip_build_finished=False, packages_select_test_failures=False, packages_skip_test_passed=False, packages_select=None, packages_skip=None, packages_select_regex=None, packages_skip_regex=None, packages_start=None, packages_end=None, allow_overriding=[], cmake_args=None, cmake_target=None, cmake_target_skip_unavailable=False, cmake_clean_cache=False, cmake_clean_first=False, cmake_force_configure=False, ament_cmake_args=None, catkin_cmake_args=None, catkin_skip_building_tests=False, verb_parser=<colcon_defaults.argument_parser.defaults.DefaultArgumentsDecorator object at 0x72916650f3d0>, verb_extension=<colcon_core.verb.build.BuildVerb object at 0x72916650ee90>, main=<bound method BuildVerb.main of <colcon_core.verb.build.BuildVerb object at 0x72916650ee90>>)
[0.281s] Level 1:colcon.colcon_core.package_discovery:discover_packages(colcon_meta) check parameters
[0.310s] Level 1:colcon.colcon_core.package_discovery:discover_packages(recursive) check parameters
[0.310s] Level 1:colcon.colcon_core.package_discovery:discover_packages(ignore) check parameters
[0.310s] Level 1:colcon.colcon_core.package_discovery:discover_packages(path) check parameters
[0.310s] Level 1:colcon.colcon_core.package_discovery:discover_packages(colcon_meta) discover
[0.310s] Level 1:colcon.colcon_core.package_discovery:discover_packages(recursive) discover
[0.311s] INFO:colcon.colcon_core.package_discovery:Crawling recursively for packages in '/home/ares/steamdeck_ws'
[0.311s] Level 1:colcon.colcon_core.package_identification:_identify(.) by extensions ['ignore', 'ignore_ament_install']
[0.311s] Level 1:colcon.colcon_core.package_identification:_identify(.) by extension 'ignore'
[0.311s] Level 1:colcon.colcon_core.package_identification:_identify(.) by extension 'ignore_ament_install'
[0.311s] Level 1:colcon.colcon_core.package_identification:_identify(.) by extensions ['colcon_pkg']
[0.311s] Level 1:colcon.colcon_core.package_identification:_identify(.) by extension 'colcon_pkg'
[0.311s] Level 1:colcon.colcon_core.package_identification:_identify(.) by extensions ['colcon_meta']
[0.311s] Level 1:colcon.colcon_core.package_identification:_identify(.) by extension 'colcon_meta'
[0.311s] Level 1:colcon.colcon_core.package_identification:_identify(.) by extensions ['ros']
[0.311s] Level 1:colcon.colcon_core.package_identification:_identify(.) by extension 'ros'
[0.323s] Level 1:colcon.colcon_core.package_identification:_identify(.) by extensions ['cmake', 'python']
[0.323s] Level 1:colcon.colcon_core.package_identification:_identify(.) by extension 'cmake'
[0.323s] Level 1:colcon.colcon_core.package_identification:_identify(.) by extension 'python'
[0.324s] Level 1:colcon.colcon_core.package_identification:_identify(.) by extensions ['python_setup_py']
[0.324s] Level 1:colcon.colcon_core.package_identification:_identify(.) by extension 'python_setup_py'
[0.324s] Level 1:colcon.colcon_core.package_identification:_identify(build) by extensions ['ignore', 'ignore_ament_install']
[0.324s] Level 1:colcon.colcon_core.package_identification:_identify(build) by extension 'ignore'
[0.324s] Level 1:colcon.colcon_core.package_identification:_identify(build) ignored
[0.324s] Level 1:colcon.colcon_core.package_identification:_identify(install) by extensions ['ignore', 'ignore_ament_install']
[0.324s] Level 1:colcon.colcon_core.package_identification:_identify(install) by extension 'ignore'
[0.324s] Level 1:colcon.colcon_core.package_identification:_identify(install) ignored
[0.324s] Level 1:colcon.colcon_core.package_identification:_identify(log) by extensions ['ignore', 'ignore_ament_install']
[0.324s] Level 1:colcon.colcon_core.package_identification:_identify(log) by extension 'ignore'
[0.324s] Level 1:colcon.colcon_core.package_identification:_identify(log) ignored
[0.324s] Level 1:colcon.colcon_core.package_identification:_identify(src) by extensions ['ignore', 'ignore_ament_install']
[0.324s] Level 1:colcon.colcon_core.package_identification:_identify(src) by extension 'ignore'
[0.324s] Level 1:colcon.colcon_core.package_identification:_identify(src) by extension 'ignore_ament_install'
[0.325s] Level 1:colcon.colcon_core.package_identification:_identify(src) by extensions ['colcon_pkg']
[0.325s] Level 1:colcon.colcon_core.package_identification:_identify(src) by extension 'colcon_pkg'
[0.325s] Level 1:colcon.colcon_core.package_identification:_identify(src) by extensions ['colcon_meta']
[0.325s] Level 1:colcon.colcon_core.package_identification:_identify(src) by extension 'colcon_meta'
[0.325s] Level 1:colcon.colcon_core.package_identification:_identify(src) by extensions ['ros']
[0.325s] Level 1:colcon.colcon_core.package_identification:_identify(src) by extension 'ros'
[0.325s] Level 1:colcon.colcon_core.package_identification:_identify(src) by extensions ['cmake', 'python']
[0.325s] Level 1:colcon.colcon_core.package_identification:_identify(src) by extension 'cmake'
[0.325s] Level 1:colcon.colcon_core.package_identification:_identify(src) by extension 'python'
[0.325s] Level 1:colcon.colcon_core.package_identification:_identify(src) by extensions ['python_setup_py']
[0.325s] Level 1:colcon.colcon_core.package_identification:_identify(src) by extension 'python_setup_py'
[0.325s] Level 1:colcon.colcon_core.package_identification:_identify(src/joystick) by extensions ['ignore', 'ignore_ament_install']
[0.325s] Level 1:colcon.colcon_core.package_identification:_identify(src/joystick) by extension 'ignore'
[0.325s] Level 1:colcon.colcon_core.package_identification:_identify(src/joystick) by extension 'ignore_ament_install'
[0.325s] Level 1:colcon.colcon_core.package_identification:_identify(src/joystick) by extensions ['colcon_pkg']
[0.325s] Level 1:colcon.colcon_core.package_identification:_identify(src/joystick) by extension 'colcon_pkg'
[0.325s] Level 1:colcon.colcon_core.package_identification:_identify(src/joystick) by extensions ['colcon_meta']
[0.325s] Level 1:colcon.colcon_core.package_identification:_identify(src/joystick) by extension 'colcon_meta'
[0.325s] Level 1:colcon.colcon_core.package_identification:_identify(src/joystick) by extensions ['ros']
[0.325s] Level 1:colcon.colcon_core.package_identification:_identify(src/joystick) by extension 'ros'
[0.328s] DEBUG:colcon.colcon_core.package_identification:Package 'src/joystick' with type 'ros.ament_cmake' and name 'joystick'
[0.328s] Level 1:colcon.colcon_core.package_discovery:discover_packages(recursive) using defaults
[0.328s] Level 1:colcon.colcon_core.package_discovery:discover_packages(ignore) discover
[0.328s] Level 1:colcon.colcon_core.package_discovery:discover_packages(ignore) using defaults
[0.328s] Level 1:colcon.colcon_core.package_discovery:discover_packages(path) discover
[0.328s] Level 1:colcon.colcon_core.package_discovery:discover_packages(path) using defaults
[0.366s] Level 1:colcon.colcon_core.package_discovery:discover_packages(prefix_path) check parameters
[0.366s] Level 1:colcon.colcon_core.package_discovery:discover_packages(prefix_path) discover
[0.369s] DEBUG:colcon.colcon_installed_package_information.package_discovery:Found 387 installed packages in /opt/ros/humble
[0.371s] Level 1:colcon.colcon_core.package_discovery:discover_packages(prefix_path) using defaults
[0.419s] Level 5:colcon.colcon_core.verb:set package 'joystick' build argument 'cmake_args' from command line to 'None'
[0.419s] Level 5:colcon.colcon_core.verb:set package 'joystick' build argument 'cmake_target' from command line to 'None'
[0.419s] Level 5:colcon.colcon_core.verb:set package 'joystick' build argument 'cmake_target_skip_unavailable' from command line to 'False'
[0.419s] Level 5:colcon.colcon_core.verb:set package 'joystick' build argument 'cmake_clean_cache' from command line to 'False'
[0.419s] Level 5:colcon.colcon_core.verb:set package 'joystick' build argument 'cmake_clean_first' from command line to 'False'
[0.419s] Level 5:colcon.colcon_core.verb:set package 'joystick' build argument 'cmake_force_configure' from command line to 'False'
[0.419s] Level 5:colcon.colcon_core.verb:set package 'joystick' build argument 'ament_cmake_args' from command line to 'None'
[0.419s] Level 5:colcon.colcon_core.verb:set package 'joystick' build argument 'catkin_cmake_args' from command line to 'None'
[0.419s] Level 5:colcon.colcon_core.verb:set package 'joystick' build argument 'catkin_skip_building_tests' from command line to 'False'
[0.419s] DEBUG:colcon.colcon_core.verb:Building package 'joystick' with the following arguments: {'ament_cmake_args': None, 'build_base': '/home/ares/steamdeck_ws/build/joystick', 'catkin_cmake_args': None, 'catkin_skip_building_tests': False, 'cmake_args': None, 'cmake_clean_cache': False, 'cmake_clean_first': False, 'cmake_force_configure': False, 'cmake_target': None, 'cmake_target_skip_unavailable': False, 'install_base': '/home/ares/steamdeck_ws/install/joystick', 'merge_install': False, 'path': '/home/ares/steamdeck_ws/src/joystick', 'symlink_install': True, 'test_result_base': None}
[0.419s] INFO:colcon.colcon_core.executor:Executing jobs using 'parallel' executor
[0.421s] DEBUG:colcon.colcon_parallel_executor.executor.parallel:run_until_complete
[0.421s] INFO:colcon.colcon_ros.task.ament_cmake.build:Building ROS package in '/home/ares/steamdeck_ws/src/joystick' with build type 'ament_cmake'
[0.421s] INFO:colcon.colcon_cmake.task.cmake.build:Building CMake package in '/home/ares/steamdeck_ws/src/joystick'
[0.424s] INFO:colcon.colcon_core.plugin_system:Skipping extension 'colcon_core.shell.bat': Not used on non-Windows systems
[0.424s] INFO:colcon.colcon_core.shell:Skip shell extension 'powershell' for command environment: Not usable outside of PowerShell
[0.424s] DEBUG:colcon.colcon_core.shell:Skip shell extension 'dsv' for command environment
[0.437s] DEBUG:colcon.colcon_core.event_handler.log_command:Invoking command in '/home/ares/steamdeck_ws/build/joystick': CMAKE_PREFIX_PATH=/opt/ros/humble /usr/bin/cmake /home/ares/steamdeck_ws/src/joystick -DAMENT_CMAKE_SYMLINK_INSTALL=1 -DCMAKE_INSTALL_PREFIX=/home/ares/steamdeck_ws/install/joystick
[0.852s] DEBUG:colcon.colcon_core.event_handler.log_command:Invoked command in '/home/ares/steamdeck_ws/build/joystick' returned '0': CMAKE_PREFIX_PATH=/opt/ros/humble /usr/bin/cmake /home/ares/steamdeck_ws/src/joystick -DAMENT_CMAKE_SYMLINK_INSTALL=1 -DCMAKE_INSTALL_PREFIX=/home/ares/steamdeck_ws/install/joystick
[0.855s] DEBUG:colcon.colcon_core.event_handler.log_command:Invoking command in '/home/ares/steamdeck_ws/build/joystick': CMAKE_PREFIX_PATH=/opt/ros/humble /usr/bin/cmake --build /home/ares/steamdeck_ws/build/joystick -- -j8 -l8
[0.907s] DEBUG:colcon.colcon_core.event_handler.log_command:Invoked command in '/home/ares/steamdeck_ws/build/joystick' returned '0': CMAKE_PREFIX_PATH=/opt/ros/humble /usr/bin/cmake --build /home/ares/steamdeck_ws/build/joystick -- -j8 -l8
[0.920s] DEBUG:colcon.colcon_core.event_handler.log_command:Invoking command in '/home/ares/steamdeck_ws/build/joystick': CMAKE_PREFIX_PATH=/opt/ros/humble /usr/bin/cmake --install /home/ares/steamdeck_ws/build/joystick
[1.129s] Level 1:colcon.colcon_core.environment:create_environment_scripts_only(joystick)
[1.130s] DEBUG:colcon.colcon_core.event_handler.log_command:Invoked command in '/home/ares/steamdeck_ws/build/joystick' returned '0': CMAKE_PREFIX_PATH=/opt/ros/humble /usr/bin/cmake --install /home/ares/steamdeck_ws/build/joystick
[1.132s] Level 1:colcon.colcon_core.environment:checking '/home/ares/steamdeck_ws/install/joystick' for CMake module files
[1.133s] Level 1:colcon.colcon_core.environment:checking '/home/ares/steamdeck_ws/install/joystick' for CMake config files
[1.133s] Level 1:colcon.colcon_core.shell:create_environment_hook('joystick', 'cmake_prefix_path')
[1.134s] INFO:colcon.colcon_core.shell:Creating environment hook '/home/ares/steamdeck_ws/install/joystick/share/joystick/hook/cmake_prefix_path.ps1'
[1.134s] INFO:colcon.colcon_core.shell:Creating environment descriptor '/home/ares/steamdeck_ws/install/joystick/share/joystick/hook/cmake_prefix_path.dsv'
[1.135s] INFO:colcon.colcon_core.shell:Creating environment hook '/home/ares/steamdeck_ws/install/joystick/share/joystick/hook/cmake_prefix_path.sh'
[1.136s] Level 1:colcon.colcon_core.environment:checking '/home/ares/steamdeck_ws/install/joystick/lib'
[1.136s] Level 1:colcon.colcon_core.environment:checking '/home/ares/steamdeck_ws/install/joystick/bin'
[1.136s] Level 1:colcon.colcon_core.environment:checking '/home/ares/steamdeck_ws/install/joystick/lib/pkgconfig/joystick.pc'
[1.137s] Level 1:colcon.colcon_core.environment:checking '/home/ares/steamdeck_ws/install/joystick/lib/python3.10/site-packages'
[1.137s] Level 1:colcon.colcon_core.environment:checking '/home/ares/steamdeck_ws/install/joystick/bin'
[1.137s] INFO:colcon.colcon_core.shell:Creating package script '/home/ares/steamdeck_ws/install/joystick/share/joystick/package.ps1'
[1.138s] INFO:colcon.colcon_core.shell:Creating package descriptor '/home/ares/steamdeck_ws/install/joystick/share/joystick/package.dsv'
[1.138s] INFO:colcon.colcon_core.shell:Creating package script '/home/ares/steamdeck_ws/install/joystick/share/joystick/package.sh'
[1.139s] INFO:colcon.colcon_core.shell:Creating package script '/home/ares/steamdeck_ws/install/joystick/share/joystick/package.bash'
[1.140s] INFO:colcon.colcon_core.shell:Creating package script '/home/ares/steamdeck_ws/install/joystick/share/joystick/package.zsh'
[1.141s] Level 1:colcon.colcon_core.environment:create_file_with_runtime_dependencies(/home/ares/steamdeck_ws/install/joystick/share/colcon-core/packages/joystick)
[1.141s] Level 1:colcon.colcon_core.environment:create_environment_scripts_only(joystick)
[1.142s] Level 1:colcon.colcon_core.environment:checking '/home/ares/steamdeck_ws/install/joystick' for CMake module files
[1.142s] Level 1:colcon.colcon_core.environment:checking '/home/ares/steamdeck_ws/install/joystick' for CMake config files
[1.142s] Level 1:colcon.colcon_core.shell:create_environment_hook('joystick', 'cmake_prefix_path')
[1.143s] INFO:colcon.colcon_core.shell:Creating environment hook '/home/ares/steamdeck_ws/install/joystick/share/joystick/hook/cmake_prefix_path.ps1'
[1.143s] INFO:colcon.colcon_core.shell:Creating environment descriptor '/home/ares/steamdeck_ws/install/joystick/share/joystick/hook/cmake_prefix_path.dsv'
[1.144s] INFO:colcon.colcon_core.shell:Creating environment hook '/home/ares/steamdeck_ws/install/joystick/share/joystick/hook/cmake_prefix_path.sh'
[1.145s] Level 1:colcon.colcon_core.environment:checking '/home/ares/steamdeck_ws/install/joystick/lib'
[1.145s] Level 1:colcon.colcon_core.environment:checking '/home/ares/steamdeck_ws/install/joystick/bin'
[1.145s] Level 1:colcon.colcon_core.environment:checking '/home/ares/steamdeck_ws/install/joystick/lib/pkgconfig/joystick.pc'
[1.145s] Level 1:colcon.colcon_core.environment:checking '/home/ares/steamdeck_ws/install/joystick/lib/python3.10/site-packages'
[1.145s] Level 1:colcon.colcon_core.environment:checking '/home/ares/steamdeck_ws/install/joystick/bin'
[1.146s] INFO:colcon.colcon_core.shell:Creating package script '/home/ares/steamdeck_ws/install/joystick/share/joystick/package.ps1'
[1.146s] INFO:colcon.colcon_core.shell:Creating package descriptor '/home/ares/steamdeck_ws/install/joystick/share/joystick/package.dsv'
[1.147s] INFO:colcon.colcon_core.shell:Creating package script '/home/ares/steamdeck_ws/install/joystick/share/joystick/package.sh'
[1.148s] INFO:colcon.colcon_core.shell:Creating package script '/home/ares/steamdeck_ws/install/joystick/share/joystick/package.bash'
[1.148s] INFO:colcon.colcon_core.shell:Creating package script '/home/ares/steamdeck_ws/install/joystick/share/joystick/package.zsh'
[1.148s] Level 1:colcon.colcon_core.environment:create_file_with_runtime_dependencies(/home/ares/steamdeck_ws/install/joystick/share/colcon-core/packages/joystick)
[1.149s] DEBUG:colcon.colcon_parallel_executor.executor.parallel:closing loop
[1.149s] DEBUG:colcon.colcon_parallel_executor.executor.parallel:loop closed
[1.149s] DEBUG:colcon.colcon_parallel_executor.executor.parallel:run_until_complete finished with '0'
[1.149s] DEBUG:colcon.colcon_core.event_reactor:joining thread
[1.155s] INFO:colcon.colcon_core.plugin_system:Skipping extension 'colcon_notification.desktop_notification.terminal_notifier': Not used on non-Darwin systems
[1.155s] INFO:colcon.colcon_core.plugin_system:Skipping extension 'colcon_notification.desktop_notification.win32': Not used on non-Windows systems
[1.155s] INFO:colcon.colcon_notification.desktop_notification:Sending desktop notification using 'notify2'
[1.175s] DEBUG:colcon.colcon_core.event_reactor:joined thread
[1.176s] INFO:colcon.colcon_core.shell:Creating prefix script '/home/ares/steamdeck_ws/install/local_setup.ps1'
[1.177s] INFO:colcon.colcon_core.shell:Creating prefix util module '/home/ares/steamdeck_ws/install/_local_setup_util_ps1.py'
[1.179s] INFO:colcon.colcon_core.shell:Creating prefix chain script '/home/ares/steamdeck_ws/install/setup.ps1'
[1.180s] INFO:colcon.colcon_core.shell:Creating prefix script '/home/ares/steamdeck_ws/install/local_setup.sh'
[1.181s] INFO:colcon.colcon_core.shell:Creating prefix util module '/home/ares/steamdeck_ws/install/_local_setup_util_sh.py'
[1.182s] INFO:colcon.colcon_core.shell:Creating prefix chain script '/home/ares/steamdeck_ws/install/setup.sh'
[1.184s] INFO:colcon.colcon_core.shell:Creating prefix script '/home/ares/steamdeck_ws/install/local_setup.bash'
[1.184s] INFO:colcon.colcon_core.shell:Creating prefix chain script '/home/ares/steamdeck_ws/install/setup.bash'
[1.186s] INFO:colcon.colcon_core.shell:Creating prefix script '/home/ares/steamdeck_ws/install/local_setup.zsh'
[1.187s] INFO:colcon.colcon_core.shell:Creating prefix chain script '/home/ares/steamdeck_ws/install/setup.zsh'
