[0.013s] Invoking command in '/home/ares/steamdeck_ws/build/joystick': CMAKE_PREFIX_PATH=${CMAKE_PREFIX_PATH}:/opt/ros/humble /usr/bin/cmake --build /home/ares/steamdeck_ws/build/joystick -- -j8 -l8
[0.039s] -- Found ament_cmake: 1.3.11 (/opt/ros/humble/share/ament_cmake/cmake)
[0.171s] -- Override CMake install command with custom implementation using symlinks instead of copying resources
[0.192s] [31mCMake Error at CMakeLists.txt:10 (find_package):
[0.192s]   By not providing "Findament_python.cmake" in CMAKE_MODULE_PATH this project
[0.193s]   has asked CMake to find a package configuration file provided by
[0.193s]   "ament_python", but CMake did not find one.
[0.193s] 
[0.193s]   Could not find a package configuration file provided by "ament_python" with
[0.193s]   any of the following names:
[0.193s] 
[0.193s]     ament_pythonConfig.cmake
[0.193s]     ament_python-config.cmake
[0.193s] 
[0.193s]   Add the installation prefix of "ament_python" to CMAKE_PREFIX_PATH or set
[0.193s]   "ament_python_DIR" to a directory containing one of the above files.  If
[0.194s]   "ament_python" provides a separate development package or SDK, be sure it
[0.194s]   has been installed.
[0.194s] 
[0.194s] [0m
[0.194s] -- Configuring incomplete, errors occurred!
[0.194s] See also "/home/ares/steamdeck_ws/build/joystick/CMakeFiles/CMakeOutput.log".
[0.196s] gmake: *** [Makefile:226：cmake_check_build_system] 错误 1
[0.199s] Invoked command in '/home/ares/steamdeck_ws/build/joystick' returned '2': CMAKE_PREFIX_PATH=${CMAKE_PREFIX_PATH}:/opt/ros/humble /usr/bin/cmake --build /home/ares/steamdeck_ws/build/joystick -- -j8 -l8
