-- Found ament_cmake: 1.3.11 (/opt/ros/humble/share/ament_cmake/cmake)
-- Override CMake install command with custom implementation using symlinks instead of copying resources
-- Found rclpy: 3.3.15 (/opt/ros/humble/share/rclpy/cmake)
-- Found ament_lint_auto: 0.12.11 (/opt/ros/humble/share/ament_lint_auto/cmake)
-- Added test 'flake8' to check Python code syntax and style conventions
-- Added test 'lint_cmake' to check CMake code style
-- Added test 'pep257' to check Python code against some of the docstring style conventions in PEP 257
-- Added test 'xmllint' to check XML markup files
-- Configuring done
-- Generating done
-- Build files have been written to: /home/ares/steamdeck_ws/build/joystick
-- Install configuration: ""
-- Execute custom install script
-- Up-to-date symlink: /home/ares/steamdeck_ws/install/joystick/lib/joystick/get_joystick_value.py
-- Up-to-date symlink: /home/ares/steamdeck_ws/install/joystick/lib/joystick/joystick_speed.py
-- Up-to-date symlink: /home/ares/steamdeck_ws/install/joystick/share/ament_index/resource_index/package_run_dependencies/joystick
-- Up-to-date symlink: /home/ares/steamdeck_ws/install/joystick/share/ament_index/resource_index/parent_prefix_path/joystick
-- Up-to-date symlink: /home/ares/steamdeck_ws/install/joystick/share/joystick/environment/ament_prefix_path.sh
-- Up-to-date symlink: /home/ares/steamdeck_ws/install/joystick/share/joystick/environment/ament_prefix_path.dsv
-- Up-to-date symlink: /home/ares/steamdeck_ws/install/joystick/share/joystick/environment/path.sh
-- Up-to-date symlink: /home/ares/steamdeck_ws/install/joystick/share/joystick/environment/path.dsv
-- Up-to-date symlink: /home/ares/steamdeck_ws/install/joystick/share/joystick/local_setup.bash
-- Up-to-date symlink: /home/ares/steamdeck_ws/install/joystick/share/joystick/local_setup.sh
-- Up-to-date symlink: /home/ares/steamdeck_ws/install/joystick/share/joystick/local_setup.zsh
-- Up-to-date symlink: /home/ares/steamdeck_ws/install/joystick/share/joystick/local_setup.dsv
-- Symlinking: /home/ares/steamdeck_ws/install/joystick/share/joystick/package.dsv
-- Up-to-date symlink: /home/ares/steamdeck_ws/install/joystick/share/ament_index/resource_index/packages/joystick
-- Up-to-date symlink: /home/ares/steamdeck_ws/install/joystick/share/joystick/cmake/joystickConfig.cmake
-- Up-to-date symlink: /home/ares/steamdeck_ws/install/joystick/share/joystick/cmake/joystickConfig-version.cmake
-- Up-to-date symlink: /home/ares/steamdeck_ws/install/joystick/share/joystick/package.xml
