[0.014s] Invoking command in '/home/ares/steamdeck_ws/build/joystick': CMAKE_PREFIX_PATH=${CMAKE_PREFIX_PATH}:/opt/ros/humble /usr/bin/cmake --build /home/ares/steamdeck_ws/build/joystick -- -j8 -l8
[0.042s] -- Found ament_cmake: 1.3.11 (/opt/ros/humble/share/ament_cmake/cmake)
[0.176s] -- Override CMake install command with custom implementation using symlinks instead of copying resources
[0.185s] -- Found rclpy: 3.3.15 (/opt/ros/humble/share/rclpy/cmake)
[0.185s] -- Found sensor_msgs: 4.2.4 (/opt/ros/humble/share/sensor_msgs/cmake)
[0.211s] -- Found rosidl_generator_c: 3.1.6 (/opt/ros/humble/share/rosidl_generator_c/cmake)
[0.214s] -- Found rosidl_adapter: 3.1.6 (/opt/ros/humble/share/rosidl_adapter/cmake)
[0.220s] -- Found rosidl_generator_cpp: 3.1.6 (/opt/ros/humble/share/rosidl_generator_cpp/cmake)
[0.231s] -- Using all available rosidl_typesupport_c: rosidl_typesupport_fastrtps_c;rosidl_typesupport_introspection_c
[0.244s] -- Using all available rosidl_typesupport_cpp: rosidl_typesupport_fastrtps_cpp;rosidl_typesupport_introspection_cpp
[0.300s] -- Found ament_lint_auto: 0.12.11 (/opt/ros/humble/share/ament_lint_auto/cmake)
[0.381s] -- Added test 'flake8' to check Python code syntax and style conventions
[0.381s] -- Added test 'lint_cmake' to check CMake code style
[0.382s] -- Added test 'pep257' to check Python code against some of the docstring style conventions in PEP 257
[0.383s] -- Added test 'xmllint' to check XML markup files
[0.384s] -- Configuring done
[0.389s] -- Generating done
[0.392s] -- Build files have been written to: /home/ares/steamdeck_ws/build/joystick
[0.423s] Invoked command in '/home/ares/steamdeck_ws/build/joystick' returned '0': CMAKE_PREFIX_PATH=${CMAKE_PREFIX_PATH}:/opt/ros/humble /usr/bin/cmake --build /home/ares/steamdeck_ws/build/joystick -- -j8 -l8
[0.436s] Invoking command in '/home/ares/steamdeck_ws/build/joystick': CMAKE_PREFIX_PATH=${CMAKE_PREFIX_PATH}:/opt/ros/humble /usr/bin/cmake --install /home/ares/steamdeck_ws/build/joystick
[0.445s] -- Install configuration: ""
[0.445s] -- Execute custom install script
[0.445s] -- Up-to-date symlink: /home/ares/steamdeck_ws/install/joystick/lib/joystick/get_joystick_value.py
[0.445s] -- Symlinking: /home/ares/steamdeck_ws/install/joystick/lib/joystick/joystick_speed.py
[0.458s] -- Up-to-date symlink: /home/ares/steamdeck_ws/install/joystick/share/ament_index/resource_index/package_run_dependencies/joystick
[0.458s] -- Up-to-date symlink: /home/ares/steamdeck_ws/install/joystick/share/ament_index/resource_index/parent_prefix_path/joystick
[0.458s] -- Up-to-date symlink: /home/ares/steamdeck_ws/install/joystick/share/joystick/environment/ament_prefix_path.sh
[0.458s] -- Up-to-date symlink: /home/ares/steamdeck_ws/install/joystick/share/joystick/environment/ament_prefix_path.dsv
[0.458s] -- Up-to-date symlink: /home/ares/steamdeck_ws/install/joystick/share/joystick/environment/path.sh
[0.459s] -- Up-to-date symlink: /home/ares/steamdeck_ws/install/joystick/share/joystick/environment/path.dsv
[0.459s] -- Up-to-date symlink: /home/ares/steamdeck_ws/install/joystick/share/joystick/local_setup.bash
[0.459s] -- Up-to-date symlink: /home/ares/steamdeck_ws/install/joystick/share/joystick/local_setup.sh
[0.459s] -- Up-to-date symlink: /home/ares/steamdeck_ws/install/joystick/share/joystick/local_setup.zsh
[0.459s] -- Up-to-date symlink: /home/ares/steamdeck_ws/install/joystick/share/joystick/local_setup.dsv
[0.459s] -- Symlinking: /home/ares/steamdeck_ws/install/joystick/share/joystick/package.dsv
[0.472s] -- Up-to-date symlink: /home/ares/steamdeck_ws/install/joystick/share/ament_index/resource_index/packages/joystick
[0.472s] -- Up-to-date symlink: /home/ares/steamdeck_ws/install/joystick/share/joystick/cmake/joystickConfig.cmake
[0.472s] -- Up-to-date symlink: /home/ares/steamdeck_ws/install/joystick/share/joystick/cmake/joystickConfig-version.cmake
[0.473s] -- Up-to-date symlink: /home/ares/steamdeck_ws/install/joystick/share/joystick/package.xml
[0.475s] Invoked command in '/home/ares/steamdeck_ws/build/joystick' returned '0': CMAKE_PREFIX_PATH=${CMAKE_PREFIX_PATH}:/opt/ros/humble /usr/bin/cmake --install /home/ares/steamdeck_ws/build/joystick
