[0.118s] DEBUG:colcon:Command line arguments: ['/usr/bin/colcon', 'build']
[0.118s] DEBUG:colcon:Parsed command line arguments: Namespace(log_base=None, log_level=None, verb_name='build', build_base='build', install_base='install', merge_install=False, symlink_install=False, test_result_base=None, continue_on_error=False, executor='parallel', parallel_workers=8, event_handlers=None, ignore_user_meta=False, metas=['./colcon.meta'], base_paths=['.'], packages_ignore=None, packages_ignore_regex=None, paths=None, packages_up_to=None, packages_up_to_regex=None, packages_above=None, packages_above_and_dependencies=None, packages_above_depth=None, packages_select_by_dep=None, packages_skip_by_dep=None, packages_skip_up_to=None, packages_select_build_failed=False, packages_skip_build_finished=False, packages_select_test_failures=False, packages_skip_test_passed=False, packages_select=None, packages_skip=None, packages_select_regex=None, packages_skip_regex=None, packages_start=None, packages_end=None, allow_overriding=[], cmake_args=None, cmake_target=None, cmake_target_skip_unavailable=False, cmake_clean_cache=False, cmake_clean_first=False, cmake_force_configure=False, ament_cmake_args=None, catkin_cmake_args=None, catkin_skip_building_tests=False, verb_parser=<colcon_defaults.argument_parser.defaults.DefaultArgumentsDecorator object at 0x70e51d7233a0>, verb_extension=<colcon_core.verb.build.BuildVerb object at 0x70e51d722e60>, main=<bound method BuildVerb.main of <colcon_core.verb.build.BuildVerb object at 0x70e51d722e60>>)
[0.281s] Level 1:colcon.colcon_core.package_discovery:discover_packages(colcon_meta) check parameters
[0.281s] Level 1:colcon.colcon_core.package_discovery:discover_packages(recursive) check parameters
[0.281s] Level 1:colcon.colcon_core.package_discovery:discover_packages(ignore) check parameters
[0.281s] Level 1:colcon.colcon_core.package_discovery:discover_packages(path) check parameters
[0.281s] Level 1:colcon.colcon_core.package_discovery:discover_packages(colcon_meta) discover
[0.281s] Level 1:colcon.colcon_core.package_discovery:discover_packages(recursive) discover
[0.281s] INFO:colcon.colcon_core.package_discovery:Crawling recursively for packages in '/home/ares/steamdeck_ws'
[0.281s] Level 1:colcon.colcon_core.package_identification:_identify(.) by extensions ['ignore', 'ignore_ament_install']
[0.281s] Level 1:colcon.colcon_core.package_identification:_identify(.) by extension 'ignore'
[0.281s] Level 1:colcon.colcon_core.package_identification:_identify(.) by extension 'ignore_ament_install'
[0.281s] Level 1:colcon.colcon_core.package_identification:_identify(.) by extensions ['colcon_pkg']
[0.281s] Level 1:colcon.colcon_core.package_identification:_identify(.) by extension 'colcon_pkg'
[0.282s] Level 1:colcon.colcon_core.package_identification:_identify(.) by extensions ['colcon_meta']
[0.282s] Level 1:colcon.colcon_core.package_identification:_identify(.) by extension 'colcon_meta'
[0.282s] Level 1:colcon.colcon_core.package_identification:_identify(.) by extensions ['ros']
[0.282s] Level 1:colcon.colcon_core.package_identification:_identify(.) by extension 'ros'
[0.294s] Level 1:colcon.colcon_core.package_identification:_identify(.) by extensions ['cmake', 'python']
[0.294s] Level 1:colcon.colcon_core.package_identification:_identify(.) by extension 'cmake'
[0.294s] Level 1:colcon.colcon_core.package_identification:_identify(.) by extension 'python'
[0.294s] Level 1:colcon.colcon_core.package_identification:_identify(.) by extensions ['python_setup_py']
[0.294s] Level 1:colcon.colcon_core.package_identification:_identify(.) by extension 'python_setup_py'
[0.294s] Level 1:colcon.colcon_core.package_identification:_identify(build) by extensions ['ignore', 'ignore_ament_install']
[0.294s] Level 1:colcon.colcon_core.package_identification:_identify(build) by extension 'ignore'
[0.294s] Level 1:colcon.colcon_core.package_identification:_identify(build) ignored
[0.294s] Level 1:colcon.colcon_core.package_identification:_identify(install) by extensions ['ignore', 'ignore_ament_install']
[0.294s] Level 1:colcon.colcon_core.package_identification:_identify(install) by extension 'ignore'
[0.294s] Level 1:colcon.colcon_core.package_identification:_identify(install) ignored
[0.294s] Level 1:colcon.colcon_core.package_identification:_identify(log) by extensions ['ignore', 'ignore_ament_install']
[0.295s] Level 1:colcon.colcon_core.package_identification:_identify(log) by extension 'ignore'
[0.295s] Level 1:colcon.colcon_core.package_identification:_identify(log) ignored
[0.295s] Level 1:colcon.colcon_core.package_identification:_identify(src) by extensions ['ignore', 'ignore_ament_install']
[0.295s] Level 1:colcon.colcon_core.package_identification:_identify(src) by extension 'ignore'
[0.295s] Level 1:colcon.colcon_core.package_identification:_identify(src) by extension 'ignore_ament_install'
[0.295s] Level 1:colcon.colcon_core.package_identification:_identify(src) by extensions ['colcon_pkg']
[0.295s] Level 1:colcon.colcon_core.package_identification:_identify(src) by extension 'colcon_pkg'
[0.295s] Level 1:colcon.colcon_core.package_identification:_identify(src) by extensions ['colcon_meta']
[0.295s] Level 1:colcon.colcon_core.package_identification:_identify(src) by extension 'colcon_meta'
[0.295s] Level 1:colcon.colcon_core.package_identification:_identify(src) by extensions ['ros']
[0.295s] Level 1:colcon.colcon_core.package_identification:_identify(src) by extension 'ros'
[0.295s] Level 1:colcon.colcon_core.package_identification:_identify(src) by extensions ['cmake', 'python']
[0.295s] Level 1:colcon.colcon_core.package_identification:_identify(src) by extension 'cmake'
[0.295s] Level 1:colcon.colcon_core.package_identification:_identify(src) by extension 'python'
[0.295s] Level 1:colcon.colcon_core.package_identification:_identify(src) by extensions ['python_setup_py']
[0.295s] Level 1:colcon.colcon_core.package_identification:_identify(src) by extension 'python_setup_py'
[0.295s] Level 1:colcon.colcon_core.package_identification:_identify(src/joystick) by extensions ['ignore', 'ignore_ament_install']
[0.295s] Level 1:colcon.colcon_core.package_identification:_identify(src/joystick) by extension 'ignore'
[0.295s] Level 1:colcon.colcon_core.package_identification:_identify(src/joystick) by extension 'ignore_ament_install'
[0.295s] Level 1:colcon.colcon_core.package_identification:_identify(src/joystick) by extensions ['colcon_pkg']
[0.296s] Level 1:colcon.colcon_core.package_identification:_identify(src/joystick) by extension 'colcon_pkg'
[0.296s] Level 1:colcon.colcon_core.package_identification:_identify(src/joystick) by extensions ['colcon_meta']
[0.296s] Level 1:colcon.colcon_core.package_identification:_identify(src/joystick) by extension 'colcon_meta'
[0.296s] Level 1:colcon.colcon_core.package_identification:_identify(src/joystick) by extensions ['ros']
[0.296s] Level 1:colcon.colcon_core.package_identification:_identify(src/joystick) by extension 'ros'
[0.298s] DEBUG:colcon.colcon_core.package_identification:Package 'src/joystick' with type 'ros.ament_cmake' and name 'joystick'
[0.299s] Level 1:colcon.colcon_core.package_discovery:discover_packages(recursive) using defaults
[0.299s] Level 1:colcon.colcon_core.package_discovery:discover_packages(ignore) discover
[0.299s] Level 1:colcon.colcon_core.package_discovery:discover_packages(ignore) using defaults
[0.299s] Level 1:colcon.colcon_core.package_discovery:discover_packages(path) discover
[0.299s] Level 1:colcon.colcon_core.package_discovery:discover_packages(path) using defaults
[0.320s] Level 1:colcon.colcon_core.package_discovery:discover_packages(prefix_path) check parameters
[0.320s] Level 1:colcon.colcon_core.package_discovery:discover_packages(prefix_path) discover
[0.321s] DEBUG:colcon.colcon_installed_package_information.package_discovery:Found 1 installed packages in /home/ares/steamdeck_ws/install
[0.323s] DEBUG:colcon.colcon_installed_package_information.package_discovery:Found 387 installed packages in /opt/ros/humble
[0.341s] Level 1:colcon.colcon_core.package_discovery:discover_packages(prefix_path) using defaults
[0.386s] Level 5:colcon.colcon_core.verb:set package 'joystick' build argument 'cmake_args' from command line to 'None'
[0.386s] Level 5:colcon.colcon_core.verb:set package 'joystick' build argument 'cmake_target' from command line to 'None'
[0.386s] Level 5:colcon.colcon_core.verb:set package 'joystick' build argument 'cmake_target_skip_unavailable' from command line to 'False'
[0.386s] Level 5:colcon.colcon_core.verb:set package 'joystick' build argument 'cmake_clean_cache' from command line to 'False'
[0.386s] Level 5:colcon.colcon_core.verb:set package 'joystick' build argument 'cmake_clean_first' from command line to 'False'
[0.386s] Level 5:colcon.colcon_core.verb:set package 'joystick' build argument 'cmake_force_configure' from command line to 'False'
[0.386s] Level 5:colcon.colcon_core.verb:set package 'joystick' build argument 'ament_cmake_args' from command line to 'None'
[0.386s] Level 5:colcon.colcon_core.verb:set package 'joystick' build argument 'catkin_cmake_args' from command line to 'None'
[0.386s] Level 5:colcon.colcon_core.verb:set package 'joystick' build argument 'catkin_skip_building_tests' from command line to 'False'
[0.387s] DEBUG:colcon.colcon_core.verb:Building package 'joystick' with the following arguments: {'ament_cmake_args': None, 'build_base': '/home/ares/steamdeck_ws/build/joystick', 'catkin_cmake_args': None, 'catkin_skip_building_tests': False, 'cmake_args': None, 'cmake_clean_cache': False, 'cmake_clean_first': False, 'cmake_force_configure': False, 'cmake_target': None, 'cmake_target_skip_unavailable': False, 'install_base': '/home/ares/steamdeck_ws/install/joystick', 'merge_install': False, 'path': '/home/ares/steamdeck_ws/src/joystick', 'symlink_install': False, 'test_result_base': None}
[0.387s] INFO:colcon.colcon_core.executor:Executing jobs using 'parallel' executor
[0.388s] DEBUG:colcon.colcon_parallel_executor.executor.parallel:run_until_complete
[0.388s] INFO:colcon.colcon_ros.task.ament_cmake.build:Building ROS package in '/home/ares/steamdeck_ws/src/joystick' with build type 'ament_cmake'
[0.388s] INFO:colcon.colcon_cmake.task.cmake.build:Building CMake package in '/home/ares/steamdeck_ws/src/joystick'
[0.390s] INFO:colcon.colcon_core.plugin_system:Skipping extension 'colcon_core.shell.bat': Not used on non-Windows systems
[0.390s] INFO:colcon.colcon_core.shell:Skip shell extension 'powershell' for command environment: Not usable outside of PowerShell
[0.391s] DEBUG:colcon.colcon_core.shell:Skip shell extension 'dsv' for command environment
[0.402s] DEBUG:colcon.colcon_core.event_handler.log_command:Invoking command in '/home/ares/steamdeck_ws/build/joystick': CMAKE_PREFIX_PATH=${CMAKE_PREFIX_PATH}:/opt/ros/humble /usr/bin/cmake /home/ares/steamdeck_ws/src/joystick -DCMAKE_INSTALL_PREFIX=/home/ares/steamdeck_ws/install/joystick
[0.753s] DEBUG:colcon.colcon_core.event_handler.log_command:Invoked command in '/home/ares/steamdeck_ws/build/joystick' returned '0': CMAKE_PREFIX_PATH=${CMAKE_PREFIX_PATH}:/opt/ros/humble /usr/bin/cmake /home/ares/steamdeck_ws/src/joystick -DCMAKE_INSTALL_PREFIX=/home/ares/steamdeck_ws/install/joystick
[0.755s] DEBUG:colcon.colcon_core.event_handler.log_command:Invoking command in '/home/ares/steamdeck_ws/build/joystick': CMAKE_PREFIX_PATH=${CMAKE_PREFIX_PATH}:/opt/ros/humble /usr/bin/cmake --build /home/ares/steamdeck_ws/build/joystick -- -j8 -l8
[0.806s] DEBUG:colcon.colcon_core.event_handler.log_command:Invoked command in '/home/ares/steamdeck_ws/build/joystick' returned '0': CMAKE_PREFIX_PATH=${CMAKE_PREFIX_PATH}:/opt/ros/humble /usr/bin/cmake --build /home/ares/steamdeck_ws/build/joystick -- -j8 -l8
[0.819s] DEBUG:colcon.colcon_core.event_handler.log_command:Invoking command in '/home/ares/steamdeck_ws/build/joystick': CMAKE_PREFIX_PATH=${CMAKE_PREFIX_PATH}:/opt/ros/humble /usr/bin/cmake --install /home/ares/steamdeck_ws/build/joystick
[0.845s] Level 1:colcon.colcon_core.environment:create_environment_scripts_only(joystick)
[0.846s] DEBUG:colcon.colcon_core.event_handler.log_command:Invoked command in '/home/ares/steamdeck_ws/build/joystick' returned '0': CMAKE_PREFIX_PATH=${CMAKE_PREFIX_PATH}:/opt/ros/humble /usr/bin/cmake --install /home/ares/steamdeck_ws/build/joystick
[0.848s] Level 1:colcon.colcon_core.environment:checking '/home/ares/steamdeck_ws/install/joystick' for CMake module files
[0.848s] Level 1:colcon.colcon_core.environment:checking '/home/ares/steamdeck_ws/install/joystick' for CMake config files
[0.848s] Level 1:colcon.colcon_core.shell:create_environment_hook('joystick', 'cmake_prefix_path')
[0.849s] INFO:colcon.colcon_core.shell:Creating environment hook '/home/ares/steamdeck_ws/install/joystick/share/joystick/hook/cmake_prefix_path.ps1'
[0.849s] INFO:colcon.colcon_core.shell:Creating environment descriptor '/home/ares/steamdeck_ws/install/joystick/share/joystick/hook/cmake_prefix_path.dsv'
[0.850s] INFO:colcon.colcon_core.shell:Creating environment hook '/home/ares/steamdeck_ws/install/joystick/share/joystick/hook/cmake_prefix_path.sh'
[0.851s] Level 1:colcon.colcon_core.environment:checking '/home/ares/steamdeck_ws/install/joystick/lib'
[0.851s] Level 1:colcon.colcon_core.environment:checking '/home/ares/steamdeck_ws/install/joystick/bin'
[0.851s] Level 1:colcon.colcon_core.environment:checking '/home/ares/steamdeck_ws/install/joystick/lib/pkgconfig/joystick.pc'
[0.851s] Level 1:colcon.colcon_core.environment:checking '/home/ares/steamdeck_ws/install/joystick/lib/python3.10/site-packages'
[0.851s] Level 1:colcon.colcon_core.environment:checking '/home/ares/steamdeck_ws/install/joystick/bin'
[0.852s] INFO:colcon.colcon_core.shell:Creating package script '/home/ares/steamdeck_ws/install/joystick/share/joystick/package.ps1'
[0.852s] INFO:colcon.colcon_core.shell:Creating package descriptor '/home/ares/steamdeck_ws/install/joystick/share/joystick/package.dsv'
[0.853s] INFO:colcon.colcon_core.shell:Creating package script '/home/ares/steamdeck_ws/install/joystick/share/joystick/package.sh'
[0.853s] INFO:colcon.colcon_core.shell:Creating package script '/home/ares/steamdeck_ws/install/joystick/share/joystick/package.bash'
[0.854s] INFO:colcon.colcon_core.shell:Creating package script '/home/ares/steamdeck_ws/install/joystick/share/joystick/package.zsh'
[0.856s] Level 1:colcon.colcon_core.environment:create_file_with_runtime_dependencies(/home/ares/steamdeck_ws/install/joystick/share/colcon-core/packages/joystick)
[0.857s] Level 1:colcon.colcon_core.environment:create_environment_scripts_only(joystick)
[0.857s] Level 1:colcon.colcon_core.environment:checking '/home/ares/steamdeck_ws/install/joystick' for CMake module files
[0.857s] Level 1:colcon.colcon_core.environment:checking '/home/ares/steamdeck_ws/install/joystick' for CMake config files
[0.858s] Level 1:colcon.colcon_core.shell:create_environment_hook('joystick', 'cmake_prefix_path')
[0.858s] INFO:colcon.colcon_core.shell:Creating environment hook '/home/ares/steamdeck_ws/install/joystick/share/joystick/hook/cmake_prefix_path.ps1'
[0.858s] INFO:colcon.colcon_core.shell:Creating environment descriptor '/home/ares/steamdeck_ws/install/joystick/share/joystick/hook/cmake_prefix_path.dsv'
[0.859s] INFO:colcon.colcon_core.shell:Creating environment hook '/home/ares/steamdeck_ws/install/joystick/share/joystick/hook/cmake_prefix_path.sh'
[0.859s] Level 1:colcon.colcon_core.environment:checking '/home/ares/steamdeck_ws/install/joystick/lib'
[0.859s] Level 1:colcon.colcon_core.environment:checking '/home/ares/steamdeck_ws/install/joystick/bin'
[0.859s] Level 1:colcon.colcon_core.environment:checking '/home/ares/steamdeck_ws/install/joystick/lib/pkgconfig/joystick.pc'
[0.859s] Level 1:colcon.colcon_core.environment:checking '/home/ares/steamdeck_ws/install/joystick/lib/python3.10/site-packages'
[0.860s] Level 1:colcon.colcon_core.environment:checking '/home/ares/steamdeck_ws/install/joystick/bin'
[0.860s] INFO:colcon.colcon_core.shell:Creating package script '/home/ares/steamdeck_ws/install/joystick/share/joystick/package.ps1'
[0.860s] INFO:colcon.colcon_core.shell:Creating package descriptor '/home/ares/steamdeck_ws/install/joystick/share/joystick/package.dsv'
[0.861s] INFO:colcon.colcon_core.shell:Creating package script '/home/ares/steamdeck_ws/install/joystick/share/joystick/package.sh'
[0.861s] INFO:colcon.colcon_core.shell:Creating package script '/home/ares/steamdeck_ws/install/joystick/share/joystick/package.bash'
[0.862s] INFO:colcon.colcon_core.shell:Creating package script '/home/ares/steamdeck_ws/install/joystick/share/joystick/package.zsh'
[0.862s] Level 1:colcon.colcon_core.environment:create_file_with_runtime_dependencies(/home/ares/steamdeck_ws/install/joystick/share/colcon-core/packages/joystick)
[0.862s] DEBUG:colcon.colcon_parallel_executor.executor.parallel:closing loop
[0.863s] DEBUG:colcon.colcon_parallel_executor.executor.parallel:loop closed
[0.863s] DEBUG:colcon.colcon_parallel_executor.executor.parallel:run_until_complete finished with '0'
[0.863s] DEBUG:colcon.colcon_core.event_reactor:joining thread
[0.868s] INFO:colcon.colcon_core.plugin_system:Skipping extension 'colcon_notification.desktop_notification.terminal_notifier': Not used on non-Darwin systems
[0.869s] INFO:colcon.colcon_core.plugin_system:Skipping extension 'colcon_notification.desktop_notification.win32': Not used on non-Windows systems
[0.869s] INFO:colcon.colcon_notification.desktop_notification:Sending desktop notification using 'notify2'
[0.880s] DEBUG:colcon.colcon_core.event_reactor:joined thread
[0.880s] INFO:colcon.colcon_core.shell:Creating prefix script '/home/ares/steamdeck_ws/install/local_setup.ps1'
[0.881s] INFO:colcon.colcon_core.shell:Creating prefix util module '/home/ares/steamdeck_ws/install/_local_setup_util_ps1.py'
[0.883s] INFO:colcon.colcon_core.shell:Creating prefix chain script '/home/ares/steamdeck_ws/install/setup.ps1'
[0.884s] INFO:colcon.colcon_core.shell:Creating prefix script '/home/ares/steamdeck_ws/install/local_setup.sh'
[0.885s] INFO:colcon.colcon_core.shell:Creating prefix util module '/home/ares/steamdeck_ws/install/_local_setup_util_sh.py'
[0.885s] INFO:colcon.colcon_core.shell:Creating prefix chain script '/home/ares/steamdeck_ws/install/setup.sh'
[0.886s] INFO:colcon.colcon_core.shell:Creating prefix script '/home/ares/steamdeck_ws/install/local_setup.bash'
[0.887s] INFO:colcon.colcon_core.shell:Creating prefix chain script '/home/ares/steamdeck_ws/install/setup.bash'
[0.888s] INFO:colcon.colcon_core.shell:Creating prefix script '/home/ares/steamdeck_ws/install/local_setup.zsh'
[0.889s] INFO:colcon.colcon_core.shell:Creating prefix chain script '/home/ares/steamdeck_ws/install/setup.zsh'
